2021-10-03 15:45:54 [Error] - Generating browser application bundles (phase: setup)...
 
2021-10-03 15:48:14 [Error] ΓêÜ Browser application bundle generation complete.
 
2021-10-03 15:48:21 [Error] ΓêÜ Browser application bundle generation complete.
 
2021-10-03 16:00:36 [Error] ΓêÜ Browser application bundle generation complete.
 
2021-10-03 16:01:20 [Error] Connection id "0HMC6DEFA6557", Request id "0HMC6DEFA6557:00000087": An unhandled exception was thrown by the application. OOPS!System.OperationCanceledException: The operation was canceled.
   at System.Threading.CancellationToken.ThrowOperationCanceledException()
   at Microsoft.AspNetCore.Server.Kestrel.Core.Internal.Http.HttpResponseStream.WriteAsync(ReadOnlyMemory`1 source, CancellationToken cancellationToken)
   at Microsoft.AspNetCore.Watch.BrowserRefresh.BrowserScriptMiddleware.InvokeAsync(HttpContext context)
   at Microsoft.AspNetCore.Builder.Extensions.MapMiddleware.Invoke(HttpContext context)
   at Microsoft.AspNetCore.Server.Kestrel.Core.Internal.Http.HttpProtocol.ProcessRequests[TContext](IHttpApplication`1 application)
2021-10-03 16:09:54 [Error] ΓêÜ Browser application bundle generation complete.
 
2021-10-03 16:31:38 [Error] An unhandled exception has occurred while executing the request. OOPS!MySqlConnector.MySqlException (0x80004005): Unknown column 'c.Price' in 'field list'
 ---> MySqlConnector.MySqlException (0x80004005): Unknown column 'c.Price' in 'field list'
   at MySqlConnector.Core.ServerSession.ReceiveReplyAsyncAwaited(ValueTask`1 task) in /_/src/MySqlConnector/Core/ServerSession.cs:line 815
   at MySqlConnector.Core.ResultSet.ReadResultSetHeaderAsync(IOBehavior ioBehavior) in /_/src/MySqlConnector/Core/ResultSet.cs:line 49
   at MySqlConnector.MySqlDataReader.ActivateResultSet(CancellationToken cancellationToken) in /_/src/MySqlConnector/MySqlDataReader.cs:line 131
   at MySqlConnector.MySqlDataReader.CreateAsync(CommandListPosition commandListPosition, ICommandPayloadCreator payloadCreator, IDictionary`2 cachedProcedures, IMySqlCommand command, CommandBehavior behavior, IOBehavior ioBehavior, CancellationToken cancellationToken) in /_/src/MySqlConnector/MySqlDataReader.cs:line 436
   at MySqlConnector.Core.CommandExecutor.ExecuteReaderAsync(IReadOnlyList`1 commands, ICommandPayloadCreator payloadCreator, CommandBehavior behavior, IOBehavior ioBehavior, CancellationToken cancellationToken) in /_/src/MySqlConnector/Core/CommandExecutor.cs:line 60
   at MySqlConnector.MySqlCommand.ExecuteReaderAsync(CommandBehavior behavior, IOBehavior ioBehavior, CancellationToken cancellationToken) in /_/src/MySqlConnector/MySqlCommand.cs:line 310
   at MySqlConnector.MySqlCommand.ExecuteDbDataReaderAsync(CommandBehavior behavior, CancellationToken cancellationToken) in /_/src/MySqlConnector/MySqlCommand.cs:line 304
   at Microsoft.EntityFrameworkCore.Storage.RelationalCommand.ExecuteReaderAsync(RelationalCommandParameterObject parameterObject, CancellationToken cancellationToken)
   at Microsoft.EntityFrameworkCore.Storage.RelationalCommand.ExecuteReaderAsync(RelationalCommandParameterObject parameterObject, CancellationToken cancellationToken)
   at Microsoft.EntityFrameworkCore.Query.Internal.SingleQueryingEnumerable`1.AsyncEnumerator.InitializeReaderAsync(DbContext _, Boolean result, CancellationToken cancellationToken)
   at Pomelo.EntityFrameworkCore.MySql.Storage.Internal.MySqlExecutionStrategy.ExecuteAsync[TState,TResult](TState state, Func`4 operation, Func`4 verifySucceeded, CancellationToken cancellationToken)
   at Microsoft.EntityFrameworkCore.Query.Internal.SingleQueryingEnumerable`1.AsyncEnumerator.MoveNextAsync()
   at Microsoft.EntityFrameworkCore.EntityFrameworkQueryableExtensions.ToListAsync[TSource](IQueryable`1 source, CancellationToken cancellationToken)
   at Microsoft.EntityFrameworkCore.EntityFrameworkQueryableExtensions.ToListAsync[TSource](IQueryable`1 source, CancellationToken cancellationToken)
   at Krotsis.Repository`1.Get(Expression`1 expression) in F:\Krotsis\Infrastructure\Implementations\Repository.cs:line 19
   at Krotsis.CatalogController.Get() in F:\Krotsis\Features\Catalog\Controllers\CatalogController.cs:line 24
   at lambda_method4(Closure , Object )
   at Microsoft.AspNetCore.Mvc.Infrastructure.ActionMethodExecutor.AwaitableObjectResultExecutor.Execute(IActionResultTypeMapper mapper, ObjectMethodExecutor executor, Object controller, Object[] arguments)
   at Microsoft.AspNetCore.Mvc.Infrastructure.ControllerActionInvoker.<InvokeActionMethodAsync>g__Awaited|12_0(ControllerActionInvoker invoker, ValueTask`1 actionResultValueTask)
   at Microsoft.AspNetCore.Mvc.Infrastructure.ControllerActionInvoker.<InvokeNextActionFilterAsync>g__Awaited|10_0(ControllerActionInvoker invoker, Task lastTask, State next, Scope scope, Object state, Boolean isCompleted)
   at Microsoft.AspNetCore.Mvc.Infrastructure.ControllerActionInvoker.Rethrow(ActionExecutedContextSealed context)
   at Microsoft.AspNetCore.Mvc.Infrastructure.ControllerActionInvoker.Next(State& next, Scope& scope, Object& state, Boolean& isCompleted)
   at Microsoft.AspNetCore.Mvc.Infrastructure.ControllerActionInvoker.<InvokeInnerFilterAsync>g__Awaited|13_0(ControllerActionInvoker invoker, Task lastTask, State next, Scope scope, Object state, Boolean isCompleted)
   at Microsoft.AspNetCore.Mvc.Infrastructure.ResourceInvoker.<InvokeNextResourceFilter>g__Awaited|24_0(ResourceInvoker invoker, Task lastTask, State next, Scope scope, Object state, Boolean isCompleted)
   at Microsoft.AspNetCore.Mvc.Infrastructure.ResourceInvoker.Rethrow(ResourceExecutedContextSealed context)
   at Microsoft.AspNetCore.Mvc.Infrastructure.ResourceInvoker.Next(State& next, Scope& scope, Object& state, Boolean& isCompleted)
   at Microsoft.AspNetCore.Mvc.Infrastructure.ResourceInvoker.<InvokeFilterPipelineAsync>g__Awaited|19_0(ResourceInvoker invoker, Task lastTask, State next, Scope scope, Object state, Boolean isCompleted)
   at Microsoft.AspNetCore.Mvc.Infrastructure.ResourceInvoker.<InvokeAsync>g__Awaited|17_0(ResourceInvoker invoker, Task task, IDisposable scope)
   at Microsoft.AspNetCore.Routing.EndpointMiddleware.<Invoke>g__AwaitRequestTask|6_0(Endpoint endpoint, Task requestTask, ILogger logger)
   at Microsoft.AspNetCore.Diagnostics.StatusCodePagesMiddleware.Invoke(HttpContext context)
   at Microsoft.AspNetCore.Diagnostics.DeveloperExceptionPageMiddleware.Invoke(HttpContext context)
2021-10-03 16:37:51 [Error] - Generating browser application bundles (phase: setup)...
 
2021-10-03 16:40:18 [Error] ΓêÜ Browser application bundle generation complete.
 
2021-10-03 16:40:18 [Error] Error: src/app/features/catalog/user-interface/catalog-form.component.ts:196:27 - error TS2339: Property 'price' does not exist on type 'Catalog'.
 
2021-10-03 16:40:18 [Error] 196             price: result.price,
 
2021-10-03 16:40:18 [Error]                               ~~~~~
 
2021-10-03 16:40:27 [Error] ΓêÜ Browser application bundle generation complete.
 
2021-10-03 16:40:27 [Error] Error: src/app/features/catalog/user-interface/catalog-form.component.ts:196:27 - error TS2339: Property 'price' does not exist on type 'Catalog'.
 
2021-10-03 16:40:27 [Error] 196             price: result.price,
 
2021-10-03 16:40:27 [Error]                               ~~~~~
 
2021-10-03 16:43:18 [Error] ΓêÜ Browser application bundle generation complete.
 
2021-10-03 16:50:48 [Error] - Generating browser application bundles (phase: setup)...
 
2021-10-03 16:52:44 [Error] ΓêÜ Browser application bundle generation complete.
 
2021-10-03 16:52:51 [Error] ΓêÜ Browser application bundle generation complete.
 
2021-10-03 16:55:36 [Error] ΓêÜ Browser application bundle generation complete.
 
2021-10-03 16:57:03 [Error] ΓêÜ Browser application bundle generation complete.
 
2021-10-03 17:09:39 [Error] ΓêÜ Browser application bundle generation complete.
 
2021-10-03 17:11:42 [Error] ΓêÜ Browser application bundle generation complete.
 
